#
# There is insufficient memory for the Java Runtime Environment to continue.
# Native memory allocation (mmap) failed to map 234881024 bytes for G1 virtual space
# Possible reasons:
#   The system is out of physical RAM or swap space
#   The process is running with CompressedOops enabled, and the Java Heap may be blocking the growth of the native heap
# Possible solutions:
#   Reduce memory load on the system
#   Increase physical memory or swap space
#   Check if swap backing store is full
#   Decrease Java heap size (-Xmx/-Xms)
#   Decrease number of Java threads
#   Decrease Java thread stack sizes (-Xss)
#   Set larger code cache with -XX:ReservedCodeCacheSize=
#   JVM is running with Zero Based Compressed Oops mode in which the Java heap is
#     placed in the first 32GB address space. The Java Heap base address is the
#     maximum limit for the native heap growth. Please use -XX:HeapBaseMinAddress
#     to set the Java Heap base and to place the Java Heap above 32GB virtual address.
# This output file may be truncated or incomplete.
#
#  Out of Memory Error (./open/src/hotspot/os/windows/os_windows.cpp:3321), pid=21076, tid=3076
#
# JRE version:  (15.0.2+7) (build )
# Java VM: Java HotSpot(TM) 64-Bit Server VM (15.0.2+7-27, mixed mode, sharing, tiered, compressed oops, g1 gc, windows-amd64)
# No core dump will be written. Minidumps are not enabled by default on client versions of Windows
#

---------------  S U M M A R Y ------------

Command Line: -Dfile.encoding=Cp1252 -XX:+ShowCodeDetailsInExceptionMessages Main

Host: AMD Ryzen 5 2500U with Radeon Vega Mobile Gfx  , 8 cores, 13G,  Windows 10 , 64 bit Build 19041 (10.0.19041.804)
Time: Tue Mar 30 12:05:29 2021 China Standard Time elapsed time: 0.015360 seconds (0d 0h 0m 0s)

---------------  T H R E A D  ---------------

Current thread (0x000001e12b0b07f0):  JavaThread "Unknown thread" [_thread_in_vm, id=3076, stack(0x000000337b400000,0x000000337b500000)]

Stack: [0x000000337b400000,0x000000337b500000]
Native frames: (J=compiled Java code, j=interpreted, Vv=VM code, C=native code)
V  [jvm.dll+0x62ae9a]
V  [jvm.dll+0x7817a9]
V  [jvm.dll+0x782f03]
V  [jvm.dll+0x783563]
V  [jvm.dll+0x216325]
V  [jvm.dll+0x6281d9]
V  [jvm.dll+0x61cf55]
V  [jvm.dll+0x2cffdd]
V  [jvm.dll+0x2cfe42]
V  [jvm.dll+0x2d5e1c]
V  [jvm.dll+0x32590a]
V  [jvm.dll+0x324fd4]
V  [jvm.dll+0x2a6f5a]
V  [jvm.dll+0x2a80f8]
V  [jvm.dll+0x75e241]
V  [jvm.dll+0x3341c4]
V  [jvm.dll+0x73e926]
V  [jvm.dll+0x3b7557]
V  [jvm.dll+0x3b8fe1]
C  [jli.dll+0x52fb]
C  [ucrtbase.dll+0x21bb2]
C  [KERNEL32.DLL+0x17034]
C  [ntdll.dll+0x52651]


---------------  P R O C E S S  ---------------

Threads class SMR info:
_java_thread_list=0x00007ffd94564ff0, length=0, elements={
}

Java Threads: ( => current thread )

Other Threads:
  0x000001e12b0fc8c0 GCTaskThread "GC Thread#0" [stack: 0x000000337b500000,0x000000337b600000] [id=20132]
  0x000001e12b10beb0 ConcurrentGCThread "G1 Main Marker" [stack: 0x000000337b600000,0x000000337b700000] [id=21216]
  0x000001e12b10d050 ConcurrentGCThread "G1 Conc#0" [stack: 0x000000337b700000,0x000000337b800000] [id=19572]

[error occurred during error reporting (printing all threads), id 0xc0000005, EXCEPTION_ACCESS_VIOLATION (0xc0000005) at pc=0x00007ffd93d57e27]

VM state: not at safepoint (not fully initialized)

VM Mutex/Monitor currently owned by a thread:  ([mutex/lock_event])
[0x000001e12b0ab3e0] Heap_lock - owner thread: 0x000001e12b0b07f0

Heap address: 0x0000000721800000, size: 3560 MB, Compressed Oops mode: Zero based, Oop shift amount: 3
CDS archive(s) mapped at: [0x0000000000000000-0x0000000000000000-0x0000000000000000), size 0, SharedBaseAddress: 0x0000000800000000, ArchiveRelocationMode: 0.
Narrow klass base: 0x0000000000000000, Narrow klass shift: 0, Narrow klass range: 0x0

Heap:
 garbage-first heap   total 229376K, used 0K [0x0000000721800000, 0x0000000800000000)
  region size 2048K, 0 young (0K), 0 survivors (0K)
 Metaspace       used 0K, capacity 0K, committed 0K, reserved 0K
  class space    used 0K, capacity 0K, committed 0K, reserved 0K

Heap Regions: E=young(eden), S=young(survivor), O=old, HS=humongous(starts), HC=humongous(continues), CS=collection set, F=free, OA=open archive, CA=closed archive, TAMS=top-at-mark-start (previous, next)

Card table byte_map: [0x000001e142d30000,0x000001e143430000] _byte_map_base: 0x000001e13f424000

Marking Bits (Prev, Next): (CMBitMap*) 0x000001e12b0fcec0, (CMBitMap*) 0x000001e12b0fcf00
 Prev Bits: [0x000001e143b30000, 0x000001e1472d0000)
 Next Bits: [0x000001e1472d0000, 0x000001e14aa70000)

GC Heap History (0 events):
No events

Deoptimization events (0 events):
No events

Classes unloaded (0 events):
No events

Classes redefined (0 events):
No events

Internal exceptions (0 events):
No events

Events (1 events):
Event: 0.009 Loaded shared library C:\Program Files\Java\jdk-15.0.2\bin\java.dll


Dynamic libraries:
0x00007ff721980000 - 0x00007ff72198f000 	C:\Program Files\Java\jdk-15.0.2\bin\javaw.exe
0x00007ffde35f0000 - 0x00007ffde37e5000 	C:\WINDOWS\SYSTEM32\ntdll.dll
0x00007ffde19a0000 - 0x00007ffde1a5d000 	C:\WINDOWS\System32\KERNEL32.DLL
0x00007ffde0f30000 - 0x00007ffde11f9000 	C:\WINDOWS\System32\KERNELBASE.dll
0x00007ffde1200000 - 0x00007ffde1300000 	C:\WINDOWS\System32\ucrtbase.dll
0x00007ffda3170000 - 0x00007ffda3189000 	C:\Program Files\Java\jdk-15.0.2\bin\VCRUNTIME140.dll
0x00007ffda0a10000 - 0x00007ffda0a28000 	C:\Program Files\Java\jdk-15.0.2\bin\jli.dll
0x00007ffde1830000 - 0x00007ffde18dc000 	C:\WINDOWS\System32\ADVAPI32.dll
0x00007ffde2d70000 - 0x00007ffde2e0e000 	C:\WINDOWS\System32\msvcrt.dll
0x00007ffde2e10000 - 0x00007ffde2eac000 	C:\WINDOWS\System32\sechost.dll
0x00007ffde2070000 - 0x00007ffde219b000 	C:\WINDOWS\System32\RPCRT4.dll
0x00007ffde2bd0000 - 0x00007ffde2d70000 	C:\WINDOWS\System32\USER32.dll
0x00007ffdcfd40000 - 0x00007ffdcffda000 	C:\WINDOWS\WinSxS\amd64_microsoft.windows.common-controls_6595b64144ccf1df_6.0.19041.844_none_ca00b6081b84eb1d\COMCTL32.dll
0x00007ffde1300000 - 0x00007ffde1322000 	C:\WINDOWS\System32\win32u.dll
0x00007ffde1800000 - 0x00007ffde182a000 	C:\WINDOWS\System32\GDI32.dll
0x00007ffde1430000 - 0x00007ffde153b000 	C:\WINDOWS\System32\gdi32full.dll
0x00007ffde0d30000 - 0x00007ffde0dcd000 	C:\WINDOWS\System32\msvcp_win.dll
0x00007ffdd7ae0000 - 0x00007ffdd7aea000 	C:\WINDOWS\SYSTEM32\VERSION.dll
0x00007ffde3560000 - 0x00007ffde3590000 	C:\WINDOWS\System32\IMM32.DLL
0x00007ffdc52b0000 - 0x00007ffdc52bc000 	C:\Program Files\Java\jdk-15.0.2\bin\vcruntime140_1.dll
0x00007ffd93850000 - 0x00007ffd938e1000 	C:\Program Files\Java\jdk-15.0.2\bin\msvcp140.dll
0x00007ffd93aa0000 - 0x00007ffd945fe000 	C:\Program Files\Java\jdk-15.0.2\bin\server\jvm.dll
0x00007ffde2bc0000 - 0x00007ffde2bc8000 	C:\WINDOWS\System32\PSAPI.DLL
0x00007ffdd7910000 - 0x00007ffdd7937000 	C:\WINDOWS\SYSTEM32\WINMM.dll
0x00007ffdd2f40000 - 0x00007ffdd2f49000 	C:\WINDOWS\SYSTEM32\WSOCK32.dll
0x00007ffde28f0000 - 0x00007ffde295b000 	C:\WINDOWS\System32\WS2_32.dll
0x00007ffddec50000 - 0x00007ffddec62000 	C:\WINDOWS\SYSTEM32\kernel.appcore.dll
0x00007ffdd4bb0000 - 0x00007ffdd4bba000 	C:\Program Files\Java\jdk-15.0.2\bin\jimage.dll
0x00007ffdd2430000 - 0x00007ffdd2614000 	C:\WINDOWS\SYSTEM32\DBGHELP.DLL
0x00007ffdd1e80000 - 0x00007ffdd1eac000 	C:\WINDOWS\SYSTEM32\dbgcore.DLL
0x00007ffde1380000 - 0x00007ffde1400000 	C:\WINDOWS\System32\bcryptPrimitives.dll
0x00007ffdc50d0000 - 0x00007ffdc50f5000 	C:\Program Files\Java\jdk-15.0.2\bin\java.dll

dbghelp: loaded successfully - version: 4.0.5 - missing functions: none
symbol engine: initialized successfully - sym options: 0x614 - pdb path: .;C:\Program Files\Java\jdk-15.0.2\bin;C:\WINDOWS\SYSTEM32;C:\WINDOWS\WinSxS\amd64_microsoft.windows.common-controls_6595b64144ccf1df_6.0.19041.844_none_ca00b6081b84eb1d;C:\Program Files\Java\jdk-15.0.2\bin\server

VM Arguments:
jvm_args: -Dfile.encoding=Cp1252 -XX:+ShowCodeDetailsInExceptionMessages 
java_command: Main
java_class_path (initial): C:\Users\Bavie\eclipse-workspace\FriendCheckTwo\bin;C:\Program Files (x86)\MySQL\Connector J 8.0\mysql-connector-java-8.0.23.jar
Launcher Type: SUN_STANDARD

[Global flags]
     intx CICompilerCount                          = 4                                         {product} {ergonomic}
     uint ConcGCThreads                            = 2                                         {product} {ergonomic}
     uint G1ConcRefinementThreads                  = 8                                         {product} {ergonomic}
   size_t G1HeapRegionSize                         = 2097152                                   {product} {ergonomic}
    uintx GCDrainStackTargetSize                   = 64                                        {product} {ergonomic}
   size_t InitialHeapSize                          = 234881024                                 {product} {ergonomic}
   size_t MarkStackSize                            = 4194304                                   {product} {ergonomic}
   size_t MaxHeapSize                              = 3732930560                                {product} {ergonomic}
   size_t MinHeapDeltaBytes                        = 2097152                                   {product} {ergonomic}
   size_t MinHeapSize                              = 8388608                                   {product} {ergonomic}
    uintx NonNMethodCodeHeapSize                   = 5839372                                {pd product} {ergonomic}
    uintx NonProfiledCodeHeapSize                  = 122909434                              {pd product} {ergonomic}
    uintx ProfiledCodeHeapSize                     = 122909434                              {pd product} {ergonomic}
    uintx ReservedCodeCacheSize                    = 251658240                              {pd product} {ergonomic}
     bool SegmentedCodeCache                       = true                                      {product} {ergonomic}
     bool ShowCodeDetailsInExceptionMessages       = true                                   {manageable} {command line}
   size_t SoftMaxHeapSize                          = 3732930560                             {manageable} {ergonomic}
     bool UseCompressedClassPointers               = true                                 {lp64_product} {ergonomic}
     bool UseCompressedOops                        = true                                 {lp64_product} {ergonomic}
     bool UseG1GC                                  = true                                      {product} {ergonomic}
     bool UseLargePagesIndividualAllocation        = false                                  {pd product} {ergonomic}

Logging:
Log output configuration:
 #0: stdout all=warning uptime,level,tags
 #1: stderr all=off uptime,level,tags

Environment Variables:
JAVA_HOME=C:\Program Files\Java\jdk-15.0.2
PATH=C:/Program Files/Java/jdk-15.0.2/bin/server;C:/Program Files/Java/jdk-15.0.2/bin;C:\Program Files\Common Files\Oracle\Java\javapath;C:\WINDOWS\system32;C:\WINDOWS;C:\WINDOWS\System32\Wbem;C:\WINDOWS\System32\WindowsPowerShell\v1.0\;C:\WINDOWS\System32\OpenSSH\;C:\Program Files\Java\jdk-15.0.2\bin;C:\Program Files\MySQL\MySQL Shell 8.0\bin\;C:\Users\Bavie\AppData\Local\Microsoft\WindowsApps;;C:\Program Files\JetBrains\IntelliJ IDEA Community Edition 2020.2.1\bin;;C:\Users\Bavie\AppData\Local\Programs\Microsoft VS Code\bin;C:\WINDOWS\system32;
USERNAME=Bavie
OS=Windows_NT
PROCESSOR_IDENTIFIER=AMD64 Family 23 Model 17 Stepping 0, AuthenticAMD



---------------  S Y S T E M  ---------------

OS:
 Windows 10 , 64 bit Build 19041 (10.0.19041.804)
OS uptime: 0 days 3:18 hours
HyperV virtualization detected

CPU: total 8 (initial active 8) (8 cores per cpu, 2 threads per core) family 23 model 17 stepping 0 microcode 0x0, cmov, cx8, fxsr, mmx, sse, sse2, sse3, ssse3, sse4.1, sse4.2, popcnt, vzeroupper, avx, avx2, aes, clmul, 3dnowpref, lzcnt, sse4a, ht, tsc, tscinvbit, tscinv, bmi1, bmi2, adx, sha, fma, clflush, clflushopt

Memory: 4k page, system-wide physical 14237M (5198M free)
TotalPageFile size 30123M (AvailPageFile size 212M)
current process WorkingSet (physical memory assigned to process): 10M, peak: 10M
current process commit charge ("private bytes"): 60M, peak: 284M

vm_info: Java HotSpot(TM) 64-Bit Server VM (15.0.2+7-27) for windows-amd64 JRE (15.0.2+7-27), built on Dec  7 2020 20:07:01 by "mach5one" with unknown MS VC++:1925

END.
